e:\gamejams\agds game jam\brokenstreetfighter\brokenstreetfighter\release\brokenstreetfighter.exe
e:\gamejams\agds game jam\brokenstreetfighter\brokenstreetfighter\release\brokenstreetfighter.pdb
e:\gamejams\agds game jam\brokenstreetfighter\brokenstreetfighter\brokenstreetfighter\release\vc120.pdb
e:\gamejams\agds game jam\brokenstreetfighter\brokenstreetfighter\brokenstreetfighter\release\player.obj
e:\gamejams\agds game jam\brokenstreetfighter\brokenstreetfighter\brokenstreetfighter\release\main.obj
e:\gamejams\agds game jam\brokenstreetfighter\brokenstreetfighter\brokenstreetfighter\release\inputhandler.obj
e:\gamejams\agds game jam\brokenstreetfighter\brokenstreetfighter\brokenstreetfighter\release\gameobj.obj
e:\gamejams\agds game jam\brokenstreetfighter\brokenstreetfighter\brokenstreetfighter\release\application.obj
e:\gamejams\agds game jam\brokenstreetfighter\brokenstreetfighter\brokenstreetfighter\release\animation.obj
e:\gamejams\agds game jam\brokenstreetfighter\brokenstreetfighter\brokenstreetfighter\release\animatedsprite.obj
d:\gamejams\agdsgj - brkn rbts\brokenstreetfighter\brokenstreetfighter\brokenstreetfighter\release\vc141.pdb
d:\gamejams\agdsgj - brkn rbts\brokenstreetfighter\brokenstreetfighter\brokenstreetfighter\release\player.obj
d:\gamejams\agdsgj - brkn rbts\brokenstreetfighter\brokenstreetfighter\brokenstreetfighter\release\main.obj
d:\gamejams\agdsgj - brkn rbts\brokenstreetfighter\brokenstreetfighter\brokenstreetfighter\release\inputhandler.obj
d:\gamejams\agdsgj - brkn rbts\brokenstreetfighter\brokenstreetfighter\brokenstreetfighter\release\gameobj.obj
d:\gamejams\agdsgj - brkn rbts\brokenstreetfighter\brokenstreetfighter\brokenstreetfighter\release\application.obj
d:\gamejams\agdsgj - brkn rbts\brokenstreetfighter\brokenstreetfighter\brokenstreetfighter\release\animation.obj
d:\gamejams\agdsgj - brkn rbts\brokenstreetfighter\brokenstreetfighter\brokenstreetfighter\release\animatedsprite.obj
d:\gamejams\agdsgj - brkn rbts\brokenstreetfighter\brokenstreetfighter\brokenstreetfighter\release\animatedsprite-alan.obj
d:\gamejams\agdsgj - brkn rbts\brokenstreetfighter\brokenstreetfighter\brokenstreetfighter\release\animation-alan.obj
d:\gamejams\agdsgj - brkn rbts\brokenstreetfighter\brokenstreetfighter\brokenstreetfighter\release\application-alan.obj
d:\gamejams\agdsgj - brkn rbts\brokenstreetfighter\brokenstreetfighter\brokenstreetfighter\release\gameobj-alan.obj
d:\gamejams\agdsgj - brkn rbts\brokenstreetfighter\brokenstreetfighter\brokenstreetfighter\release\inputhandler-alan.obj
d:\gamejams\agdsgj - brkn rbts\brokenstreetfighter\brokenstreetfighter\brokenstreetfighter\release\main-alan.obj
d:\gamejams\agdsgj - brkn rbts\brokenstreetfighter\brokenstreetfighter\brokenstreetfighter\release\player-alan.obj
d:\gamejams\agdsgj - brkn rbts\brokenstreetfighter\brokenstreetfighter\brokenstreetfighter\release\vc120-alan.pdb
d:\gamejams\agdsgj - brkn rbts\brokenstreetfighter\brokenstreetfighter\brokenstreetfighter\release\vc120.pdb
d:\gamejams\agdsgj - brkn rbts\brokenstreetfighter\brokenstreetfighter\release\brokenstreetfighter.pdb
d:\gamejams\agdsgj - brkn rbts\brokenstreetfighter\brokenstreetfighter\brokenstreetfighter\release\brokenst.ec73b9c2.tlog\cl.command.1-alan.tlog
d:\gamejams\agdsgj - brkn rbts\brokenstreetfighter\brokenstreetfighter\brokenstreetfighter\release\brokenst.ec73b9c2.tlog\cl.command.1.tlog
d:\gamejams\agdsgj - brkn rbts\brokenstreetfighter\brokenstreetfighter\brokenstreetfighter\release\brokenst.ec73b9c2.tlog\link.command.1-alan.tlog
d:\gamejams\agdsgj - brkn rbts\brokenstreetfighter\brokenstreetfighter\brokenstreetfighter\release\brokenst.ec73b9c2.tlog\link.command.1.tlog
d:\gamejams\agdsgj - brkn rbts\brokenstreetfighter\brokenstreetfighter\brokenstreetfighter\release\brokenst.ec73b9c2.tlog\cl.read.1-alan.tlog
d:\gamejams\agdsgj - brkn rbts\brokenstreetfighter\brokenstreetfighter\brokenstreetfighter\release\brokenst.ec73b9c2.tlog\link.read.1-alan.tlog
d:\gamejams\agdsgj - brkn rbts\brokenstreetfighter\brokenstreetfighter\brokenstreetfighter\release\brokenst.ec73b9c2.tlog\link.write.1-alan.tlog
d:\gamejams\agdsgj - brkn rbts\brokenstreetfighter\brokenstreetfighter\brokenstreetfighter\release\brokenst.ec73b9c2.tlog\cl.write.1-alan.tlog
d:\gamejams\agdsgj - brkn rbts\brokenstreetfighter\brokenstreetfighter\brokenstreetfighter\release\brokenst.ec73b9c2.tlog\link.read.1.tlog
d:\gamejams\agdsgj - brkn rbts\brokenstreetfighter\brokenstreetfighter\brokenstreetfighter\release\brokenst.ec73b9c2.tlog\link.write.1.tlog
